<?xml version="1.0" encoding="UTF-8" ?>
<rss version="2.0"
	xmlns:excerpt="http://wordpress.org/export/1.2/excerpt/"
	xmlns:content="http://purl.org/rss/1.0/modules/content/"
	xmlns:wfw="http://wellformedweb.org/CommentAPI/"
	xmlns:dc="http://purl.org/dc/elements/1.1/"
	xmlns:wp="http://wordpress.org/export/1.2/"
>

<channel>
	<title>WPVDB Test Data</title>
	<link>http://localhost:80</link>
	<description>Vector Database Test Data</description>
	<pubDate>Mon, 06 Mar 2023 12:00:00 +0000</pubDate>
	<language>en-US</language>
	<wp:wxr_version>1.2</wp:wxr_version>
	<wp:base_site_url>http://localhost:80</wp:base_site_url>
	<wp:base_blog_url>http://localhost:80</wp:base_blog_url>

	<generator>https://wordpress.org/?v=6.2</generator>

	<item>
		<title><![CDATA[Vector Database Introduction]]></title>
		<link>http://localhost:80/vector-database-introduction/</link>
		<pubDate>Mon, 06 Mar 2023 12:00:00 +0000</pubDate>
		<dc:creator><![CDATA[admin]]></dc:creator>
		<guid isPermaLink="false">http://localhost:80/?p=1</guid>
		<description></description>
		<content:encoded><![CDATA[
			<h2>What is a Vector Database?</h2>
			<p>A vector database is a specialized database designed to store, manage, and query vector embeddings. Vector embeddings are numerical representations of data (like text, images, or audio) that capture semantic meaning in a way that traditional databases cannot.</p>
			<p>Unlike traditional relational databases that excel at storing structured data in tables with rows and columns, vector databases are optimized for high-dimensional vector data and similarity searching.</p>
			
			<h2>Key Features of Vector Databases</h2>
			<p>Vector databases offer several key capabilities that make them valuable for modern AI applications:</p>
			<ul>
				<li><strong>Similarity Search</strong>: The ability to find vectors that are most similar to a query vector using distance metrics like cosine similarity or Euclidean distance.</li>
				<li><strong>Efficient Indexing</strong>: Specialized indexing methods (like HNSW, IVF, or FAISS) that make similarity searches performant even with millions or billions of vectors.</li>
				<li><strong>Filtering</strong>: The ability to narrow down similarity searches using metadata filters.</li>
				<li><strong>Scalability</strong>: Support for distributed architectures to handle large vector collections.</li>
				<li><strong>Real-time Updates</strong>: The ability to add, update, or delete vectors in real-time while maintaining search performance.</li>
			</ul>
			
			<h2>Use Cases for Vector Databases</h2>
			<p>Vector databases are essential components in many AI and machine learning applications, including:</p>
			<ul>
				<li><strong>Semantic Search</strong>: Finding documents or content based on meaning rather than keywords.</li>
				<li><strong>Recommendation Systems</strong>: Suggesting similar products, articles, or content based on embeddings.</li>
				<li><strong>Image Recognition</strong>: Finding similar images or performing visual search.</li>
				<li><strong>Natural Language Processing</strong>: Powering applications like chatbots, question answering systems, and text classification.</li>
				<li><strong>Anomaly Detection</strong>: Identifying unusual patterns in data by finding vectors that are dissimilar to the rest.</li>
			</ul>
			
			<h2>How Vector Embeddings Work</h2>
			<p>Vector embeddings represent data as points in a high-dimensional space. The key idea is that semantically similar items are positioned closer together in this space.</p>
			<p>For example, in a text embedding space, the words "happy" and "joyful" would be closer together than "happy" and "automobile." This allows for nuanced understanding of relationships between data points that goes beyond exact matching.</p>
		]]></content:encoded>
		<excerpt:encoded><![CDATA[An introduction to vector databases and how they power modern AI applications.]]></excerpt:encoded>
		<wp:post_id>1</wp:post_id>
		<wp:post_date>2023-03-06 12:00:00</wp:post_date>
		<wp:post_date_gmt>2023-03-06 12:00:00</wp:post_date_gmt>
		<wp:post_modified>2023-03-06 12:00:00</wp:post_modified>
		<wp:post_modified_gmt>2023-03-06 12:00:00</wp:post_modified_gmt>
		<wp:comment_status>open</wp:comment_status>
		<wp:ping_status>open</wp:ping_status>
		<wp:post_name>vector-database-introduction</wp:post_name>
		<wp:status>publish</wp:status>
		<wp:post_parent>0</wp:post_parent>
		<wp:menu_order>0</wp:menu_order>
		<wp:post_type>post</wp:post_type>
		<wp:post_password></wp:post_password>
		<wp:is_sticky>0</wp:is_sticky>
		<category domain="category" nicename="vector-databases"><![CDATA[Vector Databases]]></category>
		<category domain="post_tag" nicename="introduction"><![CDATA[Introduction]]></category>
	</item>

	<item>
		<title><![CDATA[Semantic Search for WordPress]]></title>
		<link>http://localhost:80/semantic-search-for-wordpress/</link>
		<pubDate>Mon, 06 Mar 2023 13:00:00 +0000</pubDate>
		<dc:creator><![CDATA[admin]]></dc:creator>
		<guid isPermaLink="false">http://localhost:80/?p=2</guid>
		<description></description>
		<content:encoded><![CDATA[
			<h2>Beyond Keyword Search: The Power of Semantic Search</h2>
			<p>Traditional WordPress search is based primarily on keywords. When users search for "dog training tips," WordPress looks for posts containing those exact words. This approach has limitations:</p>
			<ul>
				<li>It misses semantically similar content (e.g., "canine behavior guidance")</li>
				<li>It prioritizes keyword frequency over relevance</li>
				<li>It struggles with understanding user intent</li>
			</ul>
			
			<p>Semantic search addresses these limitations by understanding the meaning behind words. Rather than matching exact terms, it captures the context and relationships between concepts.</p>
			
			<h2>How Vector Embeddings Enable Semantic Search</h2>
			<p>At the heart of semantic search are vector embeddings â€“ numerical representations of content that preserve semantic meaning. Here's how they work:</p>
			
			<ol>
				<li><strong>Content Transformation</strong>: Each piece of content (posts, pages, etc.) is transformed into a high-dimensional vector using language models</li>
				<li><strong>Query Transformation</strong>: When a user searches, their query is converted into a vector in the same space</li>
				<li><strong>Similarity Matching</strong>: The system finds content vectors closest to the query vector</li>
				<li><strong>Results Ranking</strong>: Results are ranked by vector similarity, not keyword frequency</li>
			</ol>
			
			<h2>Implementing Semantic Search in WordPress</h2>
			<p>Implementing semantic search in WordPress involves several key components:</p>
			
			<h3>1. Content Processing</h3>
			<p>The first step is processing your WordPress content to generate embeddings. This typically involves:</p>
			<ul>
				<li>Chunking content into manageable pieces</li>
				<li>Sending text to an embedding API (like OpenAI's text-embedding-ada-002)</li>
				<li>Storing the resulting vectors in a database</li>
			</ul>
			
			<h3>2. Vector Storage</h3>
			<p>WordPress needs a place to store these vectors. Options include:</p>
			<ul>
				<li>MySQL 8.0+ with native vector support</li>
				<li>External vector databases (Pinecone, Weaviate, etc.)</li>
				<li>JSON storage in existing WordPress tables</li>
			</ul>
			
			<h3>3. Search Interface</h3>
			<p>Users need a way to access semantic search. This could be:</p>
			<ul>
				<li>An enhanced default search bar</li>
				<li>A dedicated semantic search page</li>
				<li>API endpoints for headless implementations</li>
			</ul>
			
			<h2>Benefits of Semantic Search for WordPress Sites</h2>
			<p>Implementing semantic search offers numerous benefits:</p>
			
			<ul>
				<li><strong>Improved User Experience</strong>: Users find what they're looking for, even if they don't use exact keywords</li>
				<li><strong>Content Discovery</strong>: Visitors discover relevant content they might have missed</li>
				<li><strong>Reduced Bounce Rates</strong>: Relevant search results keep users on your site longer</li>
				<li><strong>Competitive Advantage</strong>: Offer search capabilities similar to major platforms</li>
				<li><strong>Future-Proof</strong>: Build on the same AI technologies powering the next generation of web applications</li>
			</ul>
		]]></content:encoded>
		<excerpt:encoded><![CDATA[Learn how to implement powerful semantic search on your WordPress site using vector embeddings.]]></excerpt:encoded>
		<wp:post_id>2</wp:post_id>
		<wp:post_date>2023-03-06 13:00:00</wp:post_date>
		<wp:post_date_gmt>2023-03-06 13:00:00</wp:post_date_gmt>
		<wp:post_modified>2023-03-06 13:00:00</wp:post_modified>
		<wp:post_modified_gmt>2023-03-06 13:00:00</wp:post_modified_gmt>
		<wp:comment_status>open</wp:comment_status>
		<wp:ping_status>open</wp:ping_status>
		<wp:post_name>semantic-search-for-wordpress</wp:post_name>
		<wp:status>publish</wp:status>
		<wp:post_parent>0</wp:post_parent>
		<wp:menu_order>0</wp:menu_order>
		<wp:post_type>post</wp:post_type>
		<wp:post_password></wp:post_password>
		<wp:is_sticky>0</wp:is_sticky>
		<category domain="category" nicename="vector-databases"><![CDATA[Vector Databases]]></category>
		<category domain="category" nicename="wordpress"><![CDATA[WordPress]]></category>
		<category domain="post_tag" nicename="search"><![CDATA[Search]]></category>
	</item>

</channel>
</rss> 